Traceback (most recent call last):
  File "/Users/migueloliveira/Dropbox/projects/ppro/proteilysis/script_processPdbId.py", line 4, in <module>
    from PDBParser import utils
  File "/Users/migueloliveira/Dropbox/projects/ppro/proteilysis/PDBParser/__init__.py", line 31, in <module>
    from utils import fetch_pdb_file
  File "/Users/migueloliveira/Dropbox/projects/ppro/proteilysis/PDBParser/utils.py", line 3, in <module>
    import requests
ImportError: No module named requests
Traceback (most recent call last):
  File "/Users/migueloliveira/Dropbox/projects/ppro/proteilysis/script_processPdbId.py", line 4, in <module>
    from PDBParser import utils
  File "/Users/migueloliveira/Dropbox/projects/ppro/proteilysis/PDBParser/__init__.py", line 31, in <module>
    from utils import fetch_pdb_file
  File "/Users/migueloliveira/Dropbox/projects/ppro/proteilysis/PDBParser/utils.py", line 3, in <module>
    import requests
ImportError: No module named requests
Traceback (most recent call last):
  File "/Users/migueloliveira/Dropbox/projects/ppro/proteilysis/script_processPdbId.py", line 4, in <module>
    from PDBParser import utils
  File "/Users/migueloliveira/Dropbox/projects/ppro/proteilysis/PDBParser/__init__.py", line 31, in <module>
    from utils import fetch_pdb_file
  File "/Users/migueloliveira/Dropbox/projects/ppro/proteilysis/PDBParser/utils.py", line 3, in <module>
    import requests
ImportError: No module named requests
Traceback (most recent call last):
  File "/Users/migueloliveira/Dropbox/projects/ppro/proteilysis/script_processPdbId.py", line 4, in <module>
    from PDBParser import utils
  File "/Users/migueloliveira/Dropbox/projects/ppro/proteilysis/PDBParser/__init__.py", line 31, in <module>
    from utils import fetch_pdb_file
  File "/Users/migueloliveira/Dropbox/projects/ppro/proteilysis/PDBParser/utils.py", line 3, in <module>
    import requests
ImportError: No module named requests
Traceback (most recent call last):
  File "/Users/migueloliveira/Dropbox/projects/ppro/proteilysis/script_processPdbId.py", line 4, in <module>
    from PDBParser import utils
  File "/Users/migueloliveira/Dropbox/projects/ppro/proteilysis/PDBParser/__init__.py", line 31, in <module>
    from utils import fetch_pdb_file
  File "/Users/migueloliveira/Dropbox/projects/ppro/proteilysis/PDBParser/utils.py", line 3, in <module>
    import requests
ImportError: No module named requests
Traceback (most recent call last):
  File "/Users/migueloliveira/Dropbox/projects/ppro/proteilysis/script_processPdbId.py", line 5, in <module>
    from PDBParser import utils
  File "/Users/migueloliveira/Dropbox/projects/ppro/proteilysis/PDBParser/__init__.py", line 31, in <module>
    from utils import fetch_pdb_file
  File "/Users/migueloliveira/Dropbox/projects/ppro/proteilysis/PDBParser/utils.py", line 3, in <module>
    import requests
ImportError: No module named requests
Traceback (most recent call last):
  File "/Users/migueloliveira/Dropbox/projects/ppro/proteilysis/script_processPdbId.py", line 5, in <module>
    from PDBParser import utils
  File "/Users/migueloliveira/Dropbox/projects/ppro/proteilysis/PDBParser/__init__.py", line 31, in <module>
    from utils import fetch_pdb_file
  File "/Users/migueloliveira/Dropbox/projects/ppro/proteilysis/PDBParser/utils.py", line 3, in <module>
    import requests
ImportError: No module named requests
Traceback (most recent call last):
  File "/Users/migueloliveira/Dropbox/projects/ppro/proteilysis/script_processPdbId.py", line 5, in <module>
    from PDBParser import utils
  File "/Users/migueloliveira/Dropbox/projects/ppro/proteilysis/PDBParser/__init__.py", line 31, in <module>
    from utils import fetch_pdb_file
  File "/Users/migueloliveira/Dropbox/projects/ppro/proteilysis/PDBParser/utils.py", line 3, in <module>
    import requests
ImportError: No module named requests
Traceback (most recent call last):
  File "/Users/migueloliveira/Dropbox/projects/ppro/proteilysis/script_processPdbId.py", line 5, in <module>
    from PDBParser import utils
  File "/Users/migueloliveira/Dropbox/projects/ppro/proteilysis/PDBParser/__init__.py", line 31, in <module>
    from utils import fetch_pdb_file
  File "/Users/migueloliveira/Dropbox/projects/ppro/proteilysis/PDBParser/utils.py", line 3, in <module>
    import requests
ImportError: No module named requests
Traceback (most recent call last):
  File "/Users/migueloliveira/Dropbox/projects/ppro/proteilysis/script_processPdbId.py", line 5, in <module>
    from PDBParser import utils
  File "/Users/migueloliveira/Dropbox/projects/ppro/proteilysis/PDBParser/__init__.py", line 31, in <module>
    from utils import fetch_pdb_file
  File "/Users/migueloliveira/Dropbox/projects/ppro/proteilysis/PDBParser/utils.py", line 3, in <module>
    import requests
ImportError: No module named requests
Traceback (most recent call last):
  File "/Users/migueloliveira/Dropbox/projects/ppro/proteilysis/script_processPdbId.py", line 5, in <module>
    from PDBParser import utils
  File "/Users/migueloliveira/Dropbox/projects/ppro/proteilysis/PDBParser/__init__.py", line 31, in <module>
    from utils import fetch_pdb_file
  File "/Users/migueloliveira/Dropbox/projects/ppro/proteilysis/PDBParser/utils.py", line 3, in <module>
    import requests
ImportError: No module named requests
Traceback (most recent call last):
Traceback (most recent call last):
  File "/Users/migueloliveira/Dropbox/projects/ppro/proteilysis/script_processPdbId.py", line 5, in <module>
  File "/Users/migueloliveira/Dropbox/projects/ppro/proteilysis/script_processPdbId.py", line 5, in <module>
    from PDBParser import utils
    from PDBParser import utils
  File "/Users/migueloliveira/Dropbox/projects/ppro/proteilysis/PDBParser/__init__.py", line 31, in <module>
  File "/Users/migueloliveira/Dropbox/projects/ppro/proteilysis/PDBParser/__init__.py", line 31, in <module>
        from utils import fetch_pdb_filefrom utils import fetch_pdb_file

  File "/Users/migueloliveira/Dropbox/projects/ppro/proteilysis/PDBParser/utils.py", line 3, in <module>
  File "/Users/migueloliveira/Dropbox/projects/ppro/proteilysis/PDBParser/utils.py", line 3, in <module>
        import requests
import requests
ImportError: ImportError: No module named requests
No module named requests
Traceback (most recent call last):
  File "/Users/migueloliveira/Dropbox/projects/ppro/proteilysis/script_processPdbId.py", line 5, in <module>
    from PDBParser import utils
  File "/Users/migueloliveira/Dropbox/projects/ppro/proteilysis/PDBParser/__init__.py", line 31, in <module>
    from utils import fetch_pdb_file
  File "/Users/migueloliveira/Dropbox/projects/ppro/proteilysis/PDBParser/utils.py", line 3, in <module>
    import requests
ImportError: No module named requests
Traceback (most recent call last):
  File "/Users/migueloliveira/Dropbox/projects/ppro/proteilysis/script_processPdbId.py", line 5, in <module>
    from PDBParser import utils
  File "/Users/migueloliveira/Dropbox/projects/ppro/proteilysis/PDBParser/__init__.py", line 31, in <module>
    from utils import fetch_pdb_file
  File "/Users/migueloliveira/Dropbox/projects/ppro/proteilysis/PDBParser/utils.py", line 3, in <module>
    import requests
ImportError: No module named requests
Traceback (most recent call last):
  File "/Users/migueloliveira/Dropbox/projects/ppro/proteilysis/script_processPdbId.py", line 5, in <module>
    from PDBParser import utils
  File "/Users/migueloliveira/Dropbox/projects/ppro/proteilysis/PDBParser/__init__.py", line 31, in <module>
    from utils import fetch_pdb_file
  File "/Users/migueloliveira/Dropbox/projects/ppro/proteilysis/PDBParser/utils.py", line 3, in <module>
    import requests
ImportError: No module named requests
Traceback (most recent call last):
  File "/Users/migueloliveira/Dropbox/projects/ppro/proteilysis/script_processPdbId.py", line 5, in <module>
    from PDBParser import utils
  File "/Users/migueloliveira/Dropbox/projects/ppro/proteilysis/PDBParser/__init__.py", line 31, in <module>
    from utils import fetch_pdb_file
  File "/Users/migueloliveira/Dropbox/projects/ppro/proteilysis/PDBParser/utils.py", line 3, in <module>
    import requests
ImportError: No module named requests
Traceback (most recent call last):
  File "/Users/migueloliveira/Dropbox/projects/ppro/proteilysis/script_processPdbId.py", line 5, in <module>
    from PDBParser import utils
  File "/Users/migueloliveira/Dropbox/projects/ppro/proteilysis/PDBParser/__init__.py", line 31, in <module>
    from utils import fetch_pdb_file
  File "/Users/migueloliveira/Dropbox/projects/ppro/proteilysis/PDBParser/utils.py", line 3, in <module>
    import requests
ImportError: No module named requests
Traceback (most recent call last):
  File "/Users/migueloliveira/Dropbox/projects/ppro/proteilysis/script_processPdbId.py", line 5, in <module>
    from PDBParser import utils
  File "/Users/migueloliveira/Dropbox/projects/ppro/proteilysis/PDBParser/__init__.py", line 31, in <module>
    from utils import fetch_pdb_file
  File "/Users/migueloliveira/Dropbox/projects/ppro/proteilysis/PDBParser/utils.py", line 3, in <module>
    import requests
ImportError: No module named requests
Traceback (most recent call last):
  File "/Users/migueloliveira/Dropbox/projects/ppro/proteilysis/script_processPdbId.py", line 5, in <module>
    from PDBParser import utils
  File "/Users/migueloliveira/Dropbox/projects/ppro/proteilysis/PDBParser/__init__.py", line 31, in <module>
    from utils import fetch_pdb_file
  File "/Users/migueloliveira/Dropbox/projects/ppro/proteilysis/PDBParser/utils.py", line 3, in <module>
    import requests
ImportError: No module named requests
Traceback (most recent call last):
  File "/Users/migueloliveira/Dropbox/projects/ppro/proteilysis/script_processPdbId.py", line 5, in <module>
    from PDBParser import utils
  File "/Users/migueloliveira/Dropbox/projects/ppro/proteilysis/PDBParser/__init__.py", line 31, in <module>
    from utils import fetch_pdb_file
  File "/Users/migueloliveira/Dropbox/projects/ppro/proteilysis/PDBParser/utils.py", line 3, in <module>
    import requests
ImportError: No module named requests
Traceback (most recent call last):
  File "/Users/migueloliveira/Dropbox/projects/ppro/proteilysis/script_processPdbId.py", line 5, in <module>
    from PDBParser import utils
  File "/Users/migueloliveira/Dropbox/projects/ppro/proteilysis/PDBParser/__init__.py", line 31, in <module>
    from utils import fetch_pdb_file
  File "/Users/migueloliveira/Dropbox/projects/ppro/proteilysis/PDBParser/utils.py", line 3, in <module>
    import requests
ImportError: No module named requests
Traceback (most recent call last):
  File "/Users/migueloliveira/Dropbox/projects/ppro/proteilysis/script_processPdbId.py", line 5, in <module>
    from PDBParser import utils
  File "/Users/migueloliveira/Dropbox/projects/ppro/proteilysis/PDBParser/__init__.py", line 31, in <module>
    from utils import fetch_pdb_file
  File "/Users/migueloliveira/Dropbox/projects/ppro/proteilysis/PDBParser/utils.py", line 3, in <module>
    import requests
ImportError: No module named requests
Traceback (most recent call last):
  File "/Users/migueloliveira/Dropbox/projects/ppro/proteilysis/script_processPdbId.py", line 5, in <module>
    from PDBParser import utils
  File "/Users/migueloliveira/Dropbox/projects/ppro/proteilysis/PDBParser/__init__.py", line 31, in <module>
    from utils import fetch_pdb_file
  File "/Users/migueloliveira/Dropbox/projects/ppro/proteilysis/PDBParser/utils.py", line 3, in <module>
    import requests
ImportError: No module named requests
Traceback (most recent call last):
  File "/Users/migueloliveira/Dropbox/projects/ppro/proteilysis/script_processPdbId.py", line 5, in <module>
    from PDBParser import utils
  File "/Users/migueloliveira/Dropbox/projects/ppro/proteilysis/PDBParser/__init__.py", line 31, in <module>
    from utils import fetch_pdb_file
  File "/Users/migueloliveira/Dropbox/projects/ppro/proteilysis/PDBParser/utils.py", line 3, in <module>
    import requests
ImportError: No module named requests
Traceback (most recent call last):
  File "/Users/migueloliveira/Dropbox/projects/ppro/proteilysis/script_processPdbId.py", line 5, in <module>
    from PDBParser import utils
  File "/Users/migueloliveira/Dropbox/projects/ppro/proteilysis/PDBParser/__init__.py", line 31, in <module>
    from utils import fetch_pdb_file
  File "/Users/migueloliveira/Dropbox/projects/ppro/proteilysis/PDBParser/utils.py", line 3, in <module>
    import requests
ImportError: No module named requests
Traceback (most recent call last):
  File "/Users/migueloliveira/Dropbox/projects/ppro/proteilysis/script_processPdbId.py", line 5, in <module>
    from PDBParser import utils
  File "/Users/migueloliveira/Dropbox/projects/ppro/proteilysis/PDBParser/__init__.py", line 31, in <module>
    from utils import fetch_pdb_file
  File "/Users/migueloliveira/Dropbox/projects/ppro/proteilysis/PDBParser/utils.py", line 3, in <module>
    import requests
ImportError: No module named requests
Traceback (most recent call last):
  File "/Users/migueloliveira/Dropbox/projects/ppro/proteilysis/script_processPdbId.py", line 5, in <module>
    from PDBParser import utils
  File "/Users/migueloliveira/Dropbox/projects/ppro/proteilysis/PDBParser/__init__.py", line 31, in <module>
    from utils import fetch_pdb_file
  File "/Users/migueloliveira/Dropbox/projects/ppro/proteilysis/PDBParser/utils.py", line 3, in <module>
    import requests
ImportError: No module named requests
Traceback (most recent call last):
  File "/Users/migueloliveira/Dropbox/projects/ppro/proteilysis/script_processPdbId.py", line 5, in <module>
    from PDBParser import utils
  File "/Users/migueloliveira/Dropbox/projects/ppro/proteilysis/PDBParser/__init__.py", line 31, in <module>
    from utils import fetch_pdb_file
  File "/Users/migueloliveira/Dropbox/projects/ppro/proteilysis/PDBParser/utils.py", line 3, in <module>
    import requests
ImportError: No module named requests
Traceback (most recent call last):
  File "/Users/migueloliveira/Dropbox/projects/ppro/proteilysis/script_processPdbId.py", line 5, in <module>
    from PDBParser import utils
  File "/Users/migueloliveira/Dropbox/projects/ppro/proteilysis/PDBParser/__init__.py", line 31, in <module>
    from utils import fetch_pdb_file
  File "/Users/migueloliveira/Dropbox/projects/ppro/proteilysis/PDBParser/utils.py", line 3, in <module>
    import requests
ImportError: No module named requests
Traceback (most recent call last):
  File "/Users/migueloliveira/Dropbox/projects/ppro/proteilysis/script_processPdbId.py", line 5, in <module>
    from PDBParser import utils
  File "/Users/migueloliveira/Dropbox/projects/ppro/proteilysis/PDBParser/__init__.py", line 31, in <module>
    from utils import fetch_pdb_file
  File "/Users/migueloliveira/Dropbox/projects/ppro/proteilysis/PDBParser/utils.py", line 3, in <module>
    import requests
ImportError: No module named requests
Traceback (most recent call last):
  File "/Users/migueloliveira/Dropbox/projects/ppro/proteilysis/script_processPdbId.py", line 5, in <module>
    from PDBParser import utils
  File "/Users/migueloliveira/Dropbox/projects/ppro/proteilysis/PDBParser/__init__.py", line 31, in <module>
    from utils import fetch_pdb_file
  File "/Users/migueloliveira/Dropbox/projects/ppro/proteilysis/PDBParser/utils.py", line 3, in <module>
    import requests
ImportError: No module named requests
Traceback (most recent call last):
  File "/Users/migueloliveira/Dropbox/projects/ppro/proteilysis/script_processPdbId.py", line 5, in <module>
    from PDBParser import utils
  File "/Users/migueloliveira/Dropbox/projects/ppro/proteilysis/PDBParser/__init__.py", line 31, in <module>
    from utils import fetch_pdb_file
  File "/Users/migueloliveira/Dropbox/projects/ppro/proteilysis/PDBParser/utils.py", line 3, in <module>
    import requests
ImportError: No module named requests
Traceback (most recent call last):
  File "/Users/migueloliveira/Dropbox/projects/ppro/proteilysis/script_processPdbId.py", line 5, in <module>
    from PDBParser import utils
  File "/Users/migueloliveira/Dropbox/projects/ppro/proteilysis/PDBParser/__init__.py", line 31, in <module>
    from utils import fetch_pdb_file
  File "/Users/migueloliveira/Dropbox/projects/ppro/proteilysis/PDBParser/utils.py", line 3, in <module>
    import requests
ImportError: No module named requests
Traceback (most recent call last):
  File "/Users/migueloliveira/Dropbox/projects/ppro/proteilysis/script_processPdbId.py", line 5, in <module>
    from PDBParser import utils
  File "/Users/migueloliveira/Dropbox/projects/ppro/proteilysis/PDBParser/__init__.py", line 31, in <module>
    from utils import fetch_pdb_file
  File "/Users/migueloliveira/Dropbox/projects/ppro/proteilysis/PDBParser/utils.py", line 3, in <module>
    import requests
ImportError: No module named requests
Traceback (most recent call last):
  File "/Users/migueloliveira/Dropbox/projects/ppro/proteilysis/script_processPdbId.py", line 5, in <module>
    from PDBParser import utils
  File "/Users/migueloliveira/Dropbox/projects/ppro/proteilysis/PDBParser/__init__.py", line 31, in <module>
    from utils import fetch_pdb_file
  File "/Users/migueloliveira/Dropbox/projects/ppro/proteilysis/PDBParser/utils.py", line 3, in <module>
    import requests
ImportError: No module named requests
Traceback (most recent call last):
  File "/Users/migueloliveira/Dropbox/projects/ppro/proteilysis/script_processPdbId.py", line 5, in <module>
    from PDBParser import utils
  File "/Users/migueloliveira/Dropbox/projects/ppro/proteilysis/PDBParser/__init__.py", line 31, in <module>
    from utils import fetch_pdb_file
  File "/Users/migueloliveira/Dropbox/projects/ppro/proteilysis/PDBParser/utils.py", line 3, in <module>
    import requests
ImportError: No module named requests
Traceback (most recent call last):
  File "/Users/migueloliveira/Dropbox/projects/ppro/proteilysis/script_processPdbId.py", line 5, in <module>
    from PDBParser import utils
  File "/Users/migueloliveira/Dropbox/projects/ppro/proteilysis/PDBParser/__init__.py", line 31, in <module>
    from utils import fetch_pdb_file
  File "/Users/migueloliveira/Dropbox/projects/ppro/proteilysis/PDBParser/utils.py", line 3, in <module>
    import requests
ImportError: No module named requests
Traceback (most recent call last):
  File "/Users/migueloliveira/Dropbox/projects/ppro/proteilysis/script_processPdbId.py", line 5, in <module>
    from PDBParser import utils
  File "/Users/migueloliveira/Dropbox/projects/ppro/proteilysis/PDBParser/__init__.py", line 31, in <module>
    from utils import fetch_pdb_file
  File "/Users/migueloliveira/Dropbox/projects/ppro/proteilysis/PDBParser/utils.py", line 3, in <module>
    import requests
ImportError: No module named requests
Traceback (most recent call last):
  File "/Users/migueloliveira/Dropbox/projects/ppro/proteilysis/script_processPdbId.py", line 5, in <module>
    from PDBParser import utils
  File "/Users/migueloliveira/Dropbox/projects/ppro/proteilysis/PDBParser/__init__.py", line 31, in <module>
    from utils import fetch_pdb_file
  File "/Users/migueloliveira/Dropbox/projects/ppro/proteilysis/PDBParser/utils.py", line 3, in <module>
    import requests
ImportError: No module named requests
Traceback (most recent call last):
  File "/Users/migueloliveira/Dropbox/projects/ppro/proteilysis/script_processPdbId.py", line 5, in <module>
    from PDBParser import utils
  File "/Users/migueloliveira/Dropbox/projects/ppro/proteilysis/PDBParser/__init__.py", line 31, in <module>
    from utils import fetch_pdb_file
  File "/Users/migueloliveira/Dropbox/projects/ppro/proteilysis/PDBParser/utils.py", line 3, in <module>
    import requests
ImportError: No module named requests
Traceback (most recent call last):
  File "/Users/migueloliveira/Dropbox/projects/ppro/proteilysis/script_processPdbId.py", line 5, in <module>
    from PDBParser import utils
  File "/Users/migueloliveira/Dropbox/projects/ppro/proteilysis/PDBParser/__init__.py", line 31, in <module>
    from utils import fetch_pdb_file
  File "/Users/migueloliveira/Dropbox/projects/ppro/proteilysis/PDBParser/utils.py", line 3, in <module>
    import requests
ImportError: No module named requests
Traceback (most recent call last):
  File "/Users/migueloliveira/Dropbox/projects/ppro/proteilysis/script_processPdbId.py", line 5, in <module>
    from PDBParser import utils
  File "/Users/migueloliveira/Dropbox/projects/ppro/proteilysis/PDBParser/__init__.py", line 31, in <module>
    from utils import fetch_pdb_file
  File "/Users/migueloliveira/Dropbox/projects/ppro/proteilysis/PDBParser/utils.py", line 3, in <module>
    import requests
ImportError: No module named requests
Traceback (most recent call last):
  File "/Users/migueloliveira/Dropbox/projects/ppro/proteilysis/script_processPdbId.py", line 5, in <module>
    from PDBParser import utils
  File "/Users/migueloliveira/Dropbox/projects/ppro/proteilysis/PDBParser/__init__.py", line 31, in <module>
    from utils import fetch_pdb_file
  File "/Users/migueloliveira/Dropbox/projects/ppro/proteilysis/PDBParser/utils.py", line 3, in <module>
    import requests
ImportError: No module named requests
Traceback (most recent call last):
  File "/Users/migueloliveira/Dropbox/projects/ppro/proteilysis/script_processPdbId.py", line 5, in <module>
    from PDBParser import utils
  File "/Users/migueloliveira/Dropbox/projects/ppro/proteilysis/PDBParser/__init__.py", line 31, in <module>
    from utils import fetch_pdb_file
  File "/Users/migueloliveira/Dropbox/projects/ppro/proteilysis/PDBParser/utils.py", line 3, in <module>
    import requests
ImportError: No module named requests
Traceback (most recent call last):
  File "/Users/migueloliveira/Dropbox/projects/ppro/proteilysis/script_processPdbId.py", line 5, in <module>
    from PDBParser import utils
  File "/Users/migueloliveira/Dropbox/projects/ppro/proteilysis/PDBParser/__init__.py", line 31, in <module>
    from utils import fetch_pdb_file
  File "/Users/migueloliveira/Dropbox/projects/ppro/proteilysis/PDBParser/utils.py", line 3, in <module>
    import requests
ImportError: No module named requests
Traceback (most recent call last):
  File "/Users/migueloliveira/Dropbox/projects/ppro/proteilysis/script_processPdbId.py", line 5, in <module>
    from PDBParser import utils
  File "/Users/migueloliveira/Dropbox/projects/ppro/proteilysis/PDBParser/__init__.py", line 31, in <module>
    from utils import fetch_pdb_file
  File "/Users/migueloliveira/Dropbox/projects/ppro/proteilysis/PDBParser/utils.py", line 3, in <module>
    import requests
ImportError: No module named requests
Traceback (most recent call last):
  File "/Users/migueloliveira/Dropbox/projects/ppro/proteilysis/script_processPdbId.py", line 5, in <module>
    from PDBParser import utils
  File "/Users/migueloliveira/Dropbox/projects/ppro/proteilysis/PDBParser/__init__.py", line 31, in <module>
    from utils import fetch_pdb_file
  File "/Users/migueloliveira/Dropbox/projects/ppro/proteilysis/PDBParser/utils.py", line 3, in <module>
    import requests
ImportError: No module named requests
Traceback (most recent call last):
  File "/Users/migueloliveira/Dropbox/projects/ppro/proteilysis/script_processPdbId.py", line 5, in <module>
    from PDBParser import utils
  File "/Users/migueloliveira/Dropbox/projects/ppro/proteilysis/PDBParser/__init__.py", line 31, in <module>
    from utils import fetch_pdb_file
  File "/Users/migueloliveira/Dropbox/projects/ppro/proteilysis/PDBParser/utils.py", line 3, in <module>
    import requests
ImportError: No module named requests
Traceback (most recent call last):
  File "/Users/migueloliveira/Dropbox/projects/ppro/proteilysis/script_processPdbId.py", line 5, in <module>
    from PDBParser import utils
  File "/Users/migueloliveira/Dropbox/projects/ppro/proteilysis/PDBParser/__init__.py", line 31, in <module>
    from utils import fetch_pdb_file
  File "/Users/migueloliveira/Dropbox/projects/ppro/proteilysis/PDBParser/utils.py", line 3, in <module>
    import requests
ImportError: No module named requests
Traceback (most recent call last):
  File "/Users/migueloliveira/Dropbox/projects/ppro/proteilysis/script_processPdbId.py", line 5, in <module>
    from PDBParser import utils
  File "/Users/migueloliveira/Dropbox/projects/ppro/proteilysis/PDBParser/__init__.py", line 31, in <module>
    from utils import fetch_pdb_file
  File "/Users/migueloliveira/Dropbox/projects/ppro/proteilysis/PDBParser/utils.py", line 3, in <module>
    import requests
ImportError: No module named requests
Traceback (most recent call last):
  File "/Users/migueloliveira/Dropbox/projects/ppro/proteilysis/script_processPdbId.py", line 5, in <module>
    from PDBParser import utils
  File "/Users/migueloliveira/Dropbox/projects/ppro/proteilysis/PDBParser/__init__.py", line 31, in <module>
    from utils import fetch_pdb_file
  File "/Users/migueloliveira/Dropbox/projects/ppro/proteilysis/PDBParser/utils.py", line 3, in <module>
    import requests
ImportError: No module named requests
Traceback (most recent call last):
  File "/Users/migueloliveira/Dropbox/projects/ppro/proteilysis/script_processPdbId.py", line 5, in <module>
    from PDBParser import utils
  File "/Users/migueloliveira/Dropbox/projects/ppro/proteilysis/PDBParser/__init__.py", line 31, in <module>
    from utils import fetch_pdb_file
  File "/Users/migueloliveira/Dropbox/projects/ppro/proteilysis/PDBParser/utils.py", line 3, in <module>
    import requests
ImportError: No module named requests
Traceback (most recent call last):
  File "/Users/migueloliveira/Dropbox/projects/ppro/proteilysis/script_processPdbId.py", line 5, in <module>
    from PDBParser import utils
  File "/Users/migueloliveira/Dropbox/projects/ppro/proteilysis/PDBParser/__init__.py", line 31, in <module>
    from utils import fetch_pdb_file
  File "/Users/migueloliveira/Dropbox/projects/ppro/proteilysis/PDBParser/utils.py", line 3, in <module>
    import requests
ImportError: No module named requests
